2020-10-22 20:55:01,378:INFO:PyCaret Clustering Module
2020-10-22 20:55:01,379:INFO:version 2.1.2
2020-10-22 20:55:01,379:INFO:Initializing setup()
2020-10-22 20:55:01,379:INFO:USI: ef51
2020-10-22 20:55:01,379:INFO:setup(data=(1536, 77), categorical_features=None, categorical_imputation=constant, ordinal_features=None, high_cardinality_features=None, 
                    numeric_features=None, numeric_imputation=mean, date_features=None, ignore_features=None, normalize=True,
                    normalize_method=zscore, transformation=False, transformation_method=yeo-johnson, handle_unknown_categorical=True, unknown_categorical_method=least_frequent, pca=False, pca_method=linear,
                    pca_components=None, ignore_low_variance=False, combine_rare_levels=False, rare_level_threshold=0.1, bin_numeric_features=None,
                    remove_multicollinearity=False, multicollinearity_threshold=0.9, group_features=None,
                    group_names=None, supervised=False, supervised_target=None, n_jobs=-1, html=True, session_id=None, log_experiment=False,
                    experiment_name=None, log_plots=False, log_profile=False, log_data=False, silent=False, verbose=True, profile=False)
2020-10-22 20:55:01,379:INFO:Checking environment
2020-10-22 20:55:01,379:INFO:python_version: 3.6.7
2020-10-22 20:55:01,379:INFO:python_build: ('default', 'Dec 10 2018 20:35:02')
2020-10-22 20:55:01,379:INFO:machine: AMD64
2020-10-22 20:55:01,380:INFO:platform: Windows-10-10.0.18362-SP0
2020-10-22 20:55:01,380:INFO:Memory: svmem(total=17027289088, available=9673338880, percent=43.2, used=7353950208, free=9673338880)
2020-10-22 20:55:01,380:INFO:Physical Core: 4
2020-10-22 20:55:01,380:INFO:Logical Core: 8
2020-10-22 20:55:01,380:INFO:Checking libraries
2020-10-22 20:55:01,380:INFO:pd==1.0.5
2020-10-22 20:55:01,380:INFO:numpy==1.18.5
2020-10-22 20:55:01,380:INFO:sklearn==0.23.1
2020-10-22 20:55:01,381:INFO:kmodes==0.10.2
2020-10-22 20:55:01,443:WARNING:mlflow not found
2020-10-22 20:55:01,444:INFO:Checking Exceptions
2020-10-22 20:55:01,444:INFO:Preloading libraries
2020-10-22 20:55:01,520:INFO:Preparing display monitor
2020-10-22 20:55:01,538:INFO:Importing libraries
2020-10-22 20:55:01,538:INFO:Declaring global variables
2020-10-22 20:55:01,538:INFO:Copying data for preprocessing
2020-10-22 20:55:01,545:INFO:Declaring preprocessing parameters
2020-10-22 20:55:01,545:INFO:Importing preprocessing module
2020-10-22 20:55:02,983:INFO:Creating preprocessing pipeline
2020-10-22 20:57:05,722:INFO:PyCaret Classification Module
2020-10-22 20:57:05,722:INFO:version 2.1.2
2020-10-22 20:57:05,722:INFO:Initializing setup()
2020-10-22 20:57:05,723:INFO:USI: 118b
2020-10-22 20:57:05,723:INFO:setup(data=(1536, 77), target=“s“¹•{Œ§–¼, train_size=0.7, sampling=True, sample_estimator=None, categorical_features=None, categorical_imputation=constant, ordinal_features=None,
                    high_cardinality_features=None, high_cardinality_method=frequency, numeric_features=None, numeric_imputation=mean, date_features=None, ignore_features=None, normalize=True,
                    normalize_method=zscore, transformation=False, transformation_method=yeo-johnson, handle_unknown_categorical=True, unknown_categorical_method=least_frequent, pca=False, pca_method=linear,
                    pca_components=None, ignore_low_variance=False, combine_rare_levels=False, rare_level_threshold=0.1, bin_numeric_features=None, remove_outliers=False, outliers_threshold=0.05,
                    remove_multicollinearity=False, multicollinearity_threshold=0.9, remove_perfect_collinearity=False, create_clusters=False, cluster_iter=20,
                    polynomial_features=False, polynomial_degree=2, trigonometry_features=False, polynomial_threshold=0.1, group_features=None,
                    group_names=None, feature_selection=False, feature_selection_threshold=0.8, feature_interaction=False, feature_ratio=False, interaction_threshold=0.01,
                    fix_imbalance=False, fix_imbalance_method=None, data_split_shuffle=True, folds_shuffle=False, n_jobs=-1, html=True, session_id=None, log_experiment=False,
                    experiment_name=None, log_plots=False, log_profile=False, log_data=False, silent=False, verbose=True, profile=False)
2020-10-22 20:57:05,724:INFO:Checking environment
2020-10-22 20:57:05,724:INFO:python_version: 3.6.7
2020-10-22 20:57:05,724:INFO:python_build: ('default', 'Dec 10 2018 20:35:02')
2020-10-22 20:57:05,724:INFO:machine: AMD64
2020-10-22 20:57:05,724:INFO:platform: Windows-10-10.0.18362-SP0
2020-10-22 20:57:05,725:INFO:Memory: svmem(total=17027289088, available=9549074432, percent=43.9, used=7478214656, free=9549074432)
2020-10-22 20:57:05,725:INFO:Physical Core: 4
2020-10-22 20:57:05,725:INFO:Logical Core: 8
2020-10-22 20:57:05,725:INFO:Checking libraries
2020-10-22 20:57:05,725:INFO:pd==1.0.5
2020-10-22 20:57:05,725:INFO:numpy==1.18.5
2020-10-22 20:57:05,725:INFO:sklearn==0.23.1
2020-10-22 20:57:07,498:INFO:xgboost==1.2.1
2020-10-22 20:57:07,498:INFO:lightgbm==2.2.3
2020-10-22 20:57:07,513:INFO:catboost==0.24.2
2020-10-22 20:57:07,513:INFO:mlflow==1.11.0
2020-10-22 20:57:07,513:INFO:Checking Exceptions
2020-10-22 20:57:07,513:INFO:Preloading libraries
2020-10-22 20:57:07,513:INFO:Preparing display monitor
2020-10-22 20:57:07,535:INFO:Importing libraries
2020-10-22 20:57:09,120:INFO:Declaring global variables
2020-10-22 20:57:09,120:INFO:Copying data for preprocessing
2020-10-22 20:57:09,131:INFO:Declaring preprocessing parameters
2020-10-22 20:57:09,131:INFO:Importing preprocessing module
2020-10-22 20:57:09,131:INFO:Creating preprocessing pipeline
2020-10-22 20:57:30,256:INFO:Preprocessing pipeline created successfully
2020-10-22 20:57:30,272:INFO:Creating grid variables
2020-10-22 20:57:30,275:INFO:Creating global containers
2020-10-22 20:57:30,386:INFO:create_model_container 0
2020-10-22 20:57:30,386:INFO:master_model_container 0
2020-10-22 20:57:30,387:INFO:display_container 0
2020-10-22 20:57:30,393:INFO:Pipeline(memory=None,
         steps=[('dtypes',
                 DataTypes_Auto_infer(categorical_features=[],
                                      display_types=True, features_todrop=[],
                                      ml_usecase='classification',
                                      numerical_features=[], target='“s“¹•{Œ§–¼',
                                      time_features=[])),
                ('imputer',
                 Simple_Imputer(categorical_strategy='not_available',
                                numeric_strategy='mean',
                                target_variable=None)),
                ('new_levels1',
                 New_Catagorical_Leve...
                 Scaling_and_Power_transformation(function_to_apply='zscore',
                                                  random_state_quantile=3516,
                                                  target='“s“¹•{Œ§–¼')),
                ('P_transform', Empty()), ('pt_target', Empty()),
                ('binn', Empty()), ('rem_outliers', Empty()),
                ('cluster_all', Empty()), ('dummy', Dummify(target='“s“¹•{Œ§–¼')),
                ('fix_perfect', Empty()), ('clean_names', Clean_Colum_Names()),
                ('feature_select', Empty()), ('fix_multi', Empty()),
                ('dfs', Empty()), ('pca', Empty())],
         verbose=False)
2020-10-22 20:57:30,394:INFO:setup() succesfully completed......................................
2020-10-22 20:58:47,425:INFO:Initializing compare_models()
2020-10-22 20:58:47,426:INFO:compare_models(exclude=None, include=None, fold=10, round=4, sort=Accuracy, n_select=1, turbo=True, verbose=True)
2020-10-22 20:58:47,426:INFO:Checking exceptions
2020-10-22 20:58:47,430:INFO:Preloading libraries
2020-10-22 20:58:47,430:INFO:Preparing display monitor
2020-10-22 20:58:47,463:INFO:Copying training dataset
2020-10-22 20:58:47,464:INFO:Importing libraries
2020-10-22 20:58:47,507:INFO:Importing untrained models
2020-10-22 20:58:47,507:INFO:Import successful
2020-10-22 20:58:47,514:INFO:Defining folds
2020-10-22 20:58:47,514:INFO:Declaring metric variables
2020-10-22 20:58:47,514:INFO:Initializing Logistic Regression
2020-10-22 20:58:47,522:INFO:Initializing Fold 1
2020-10-22 20:58:47,523:INFO:Total runtime is 0.00014960368474324545 minutes
2020-10-22 20:58:47,539:INFO:Fitting Model
2020-10-22 20:58:48,119:INFO:Evaluating Metrics
2020-10-22 20:58:48,154:INFO:Compiling Metrics
2020-10-22 20:58:48,161:INFO:Initializing Fold 2
2020-10-22 20:58:48,162:INFO:Total runtime is 0.0108063538869222 minutes
2020-10-22 20:58:48,182:INFO:Fitting Model
2020-10-22 20:58:48,695:INFO:Evaluating Metrics
2020-10-22 20:58:48,725:INFO:Compiling Metrics
2020-10-22 20:58:48,725:INFO:Initializing Fold 3
2020-10-22 20:58:48,725:INFO:Total runtime is 0.02018313805262248 minutes
2020-10-22 20:58:48,756:INFO:Fitting Model
2020-10-22 20:58:49,282:INFO:Evaluating Metrics
2020-10-22 20:58:49,311:INFO:Compiling Metrics
2020-10-22 20:58:49,317:INFO:Initializing Fold 4
2020-10-22 20:58:49,318:INFO:Total runtime is 0.030071139335632324 minutes
2020-10-22 20:58:49,336:INFO:Fitting Model
2020-10-22 20:58:49,875:INFO:Evaluating Metrics
2020-10-22 20:58:49,913:INFO:Compiling Metrics
2020-10-22 20:58:49,921:INFO:Initializing Fold 5
2020-10-22 20:58:49,922:INFO:Total runtime is 0.04014009634653727 minutes
2020-10-22 20:58:49,938:INFO:Fitting Model
2020-10-22 20:58:50,465:INFO:Evaluating Metrics
2020-10-22 20:58:50,493:INFO:Compiling Metrics
2020-10-22 20:58:50,494:INFO:Initializing Fold 6
2020-10-22 20:58:50,494:INFO:Total runtime is 0.04967193206151326 minutes
2020-10-22 20:58:50,517:INFO:Fitting Model
2020-10-22 20:58:51,027:INFO:Evaluating Metrics
2020-10-22 20:58:51,052:INFO:Compiling Metrics
2020-10-22 20:58:51,061:INFO:Initializing Fold 7
2020-10-22 20:58:51,062:INFO:Total runtime is 0.05913625558217366 minutes
2020-10-22 20:58:51,079:INFO:Fitting Model
2020-10-22 20:58:51,648:INFO:Evaluating Metrics
2020-10-22 20:58:51,678:INFO:Compiling Metrics
2020-10-22 20:58:51,686:INFO:Initializing Fold 8
2020-10-22 20:58:51,686:INFO:Total runtime is 0.06953913370768229 minutes
2020-10-22 20:58:51,706:INFO:Fitting Model
2020-10-22 20:58:52,232:INFO:Evaluating Metrics
2020-10-22 20:58:52,264:INFO:Compiling Metrics
2020-10-22 20:58:52,271:INFO:Initializing Fold 9
2020-10-22 20:58:52,272:INFO:Total runtime is 0.07930986881256104 minutes
2020-10-22 20:58:52,294:INFO:Fitting Model
2020-10-22 20:58:52,822:INFO:Evaluating Metrics
2020-10-22 20:58:52,858:INFO:Compiling Metrics
2020-10-22 20:58:52,858:INFO:Initializing Fold 10
2020-10-22 20:58:52,858:INFO:Total runtime is 0.08906915187835694 minutes
2020-10-22 20:58:52,893:INFO:Fitting Model
2020-10-22 20:58:53,423:INFO:Evaluating Metrics
2020-10-22 20:58:53,458:INFO:Compiling Metrics
2020-10-22 20:58:53,458:INFO:Calculating mean and std
2020-10-22 20:58:53,458:INFO:Creating metrics dataframe
2020-10-22 20:58:53,475:INFO:Initializing K Neighbors Classifier
2020-10-22 20:58:53,491:INFO:Initializing Fold 1
2020-10-22 20:58:53,492:INFO:Total runtime is 0.0996420462926229 minutes
2020-10-22 20:58:53,510:INFO:Fitting Model
2020-10-22 20:58:53,743:INFO:Evaluating Metrics
2020-10-22 20:58:54,025:INFO:Compiling Metrics
2020-10-22 20:58:54,025:INFO:Initializing Fold 2
2020-10-22 20:58:54,025:INFO:Total runtime is 0.10851810375849408 minutes
2020-10-22 20:58:54,048:INFO:Fitting Model
2020-10-22 20:58:54,275:INFO:Evaluating Metrics
2020-10-22 20:58:54,557:INFO:Compiling Metrics
2020-10-22 20:58:54,562:INFO:Initializing Fold 3
2020-10-22 20:58:54,563:INFO:Total runtime is 0.11748376290003461 minutes
2020-10-22 20:58:54,575:INFO:Fitting Model
2020-10-22 20:58:54,782:INFO:Evaluating Metrics
2020-10-22 20:58:55,016:INFO:Compiling Metrics
2020-10-22 20:58:55,021:INFO:Initializing Fold 4
2020-10-22 20:58:55,022:INFO:Total runtime is 0.12514231204986576 minutes
2020-10-22 20:58:55,035:INFO:Fitting Model
2020-10-22 20:58:55,264:INFO:Evaluating Metrics
2020-10-22 20:58:55,532:INFO:Compiling Metrics
2020-10-22 20:58:55,548:INFO:Initializing Fold 5
2020-10-22 20:58:55,548:INFO:Total runtime is 0.13389987150828048 minutes
2020-10-22 20:58:55,564:INFO:Fitting Model
2020-10-22 20:58:55,774:INFO:Evaluating Metrics
2020-10-22 20:58:56,024:INFO:Compiling Metrics
2020-10-22 20:58:56,034:INFO:Initializing Fold 6
2020-10-22 20:58:56,034:INFO:Total runtime is 0.14199855327606206 minutes
2020-10-22 20:58:56,058:INFO:Fitting Model
2020-10-22 20:58:56,259:INFO:Evaluating Metrics
2020-10-22 20:58:56,497:INFO:Compiling Metrics
2020-10-22 20:58:56,504:INFO:Initializing Fold 7
2020-10-22 20:58:56,505:INFO:Total runtime is 0.14986195166905725 minutes
2020-10-22 20:58:56,519:INFO:Fitting Model
2020-10-22 20:58:56,767:INFO:Evaluating Metrics
2020-10-22 20:58:57,018:INFO:Compiling Metrics
2020-10-22 20:58:57,028:INFO:Initializing Fold 8
2020-10-22 20:58:57,029:INFO:Total runtime is 0.15858676433563237 minutes
2020-10-22 20:58:57,043:INFO:Fitting Model
2020-10-22 20:58:57,237:INFO:Evaluating Metrics
2020-10-22 20:58:57,517:INFO:Compiling Metrics
2020-10-22 20:58:57,524:INFO:Initializing Fold 9
2020-10-22 20:58:57,525:INFO:Total runtime is 0.16685930887858078 minutes
2020-10-22 20:58:57,538:INFO:Fitting Model
2020-10-22 20:58:57,751:INFO:Evaluating Metrics
2020-10-22 20:58:58,027:INFO:Compiling Metrics
2020-10-22 20:58:58,036:INFO:Initializing Fold 10
2020-10-22 20:58:58,038:INFO:Total runtime is 0.17541153033574428 minutes
2020-10-22 20:58:58,053:INFO:Fitting Model
2020-10-22 20:58:58,268:INFO:Evaluating Metrics
2020-10-22 20:58:58,539:INFO:Compiling Metrics
2020-10-22 20:58:58,548:INFO:Calculating mean and std
2020-10-22 20:58:58,549:INFO:Creating metrics dataframe
2020-10-22 20:58:58,562:INFO:Initializing Naive Bayes
2020-10-22 20:58:58,570:INFO:Initializing Fold 1
2020-10-22 20:58:58,571:INFO:Total runtime is 0.1842802206675212 minutes
2020-10-22 20:58:58,583:INFO:Fitting Model
2020-10-22 20:58:58,627:INFO:Evaluating Metrics
2020-10-22 20:58:58,678:INFO:Compiling Metrics
2020-10-22 20:58:58,683:INFO:Initializing Fold 2
2020-10-22 20:58:58,684:INFO:Total runtime is 0.18617031176884974 minutes
2020-10-22 20:58:58,697:INFO:Fitting Model
2020-10-22 20:58:58,734:INFO:Evaluating Metrics
2020-10-22 20:58:58,783:INFO:Compiling Metrics
2020-10-22 20:58:58,788:INFO:Initializing Fold 3
2020-10-22 20:58:58,789:INFO:Total runtime is 0.1879162192344666 minutes
2020-10-22 20:58:58,803:INFO:Fitting Model
2020-10-22 20:58:58,843:INFO:Evaluating Metrics
2020-10-22 20:58:58,901:INFO:Compiling Metrics
2020-10-22 20:58:58,907:INFO:Initializing Fold 4
2020-10-22 20:58:58,908:INFO:Total runtime is 0.18990640640258794 minutes
2020-10-22 20:58:58,925:INFO:Fitting Model
2020-10-22 20:58:58,968:INFO:Evaluating Metrics
2020-10-22 20:58:59,022:INFO:Compiling Metrics
2020-10-22 20:58:59,027:INFO:Initializing Fold 5
2020-10-22 20:58:59,028:INFO:Total runtime is 0.1918991128603618 minutes
2020-10-22 20:58:59,041:INFO:Fitting Model
2020-10-22 20:58:59,081:INFO:Evaluating Metrics
2020-10-22 20:58:59,130:INFO:Compiling Metrics
2020-10-22 20:58:59,135:INFO:Initializing Fold 6
2020-10-22 20:58:59,136:INFO:Total runtime is 0.19371037880579636 minutes
2020-10-22 20:58:59,149:INFO:Fitting Model
2020-10-22 20:58:59,190:INFO:Evaluating Metrics
2020-10-22 20:58:59,241:INFO:Compiling Metrics
2020-10-22 20:58:59,246:INFO:Initializing Fold 7
2020-10-22 20:58:59,247:INFO:Total runtime is 0.19555291732152308 minutes
2020-10-22 20:58:59,260:INFO:Fitting Model
2020-10-22 20:58:59,303:INFO:Evaluating Metrics
2020-10-22 20:58:59,361:INFO:Compiling Metrics
2020-10-22 20:58:59,367:INFO:Initializing Fold 8
2020-10-22 20:58:59,367:INFO:Total runtime is 0.19755768378575647 minutes
2020-10-22 20:58:59,383:INFO:Fitting Model
2020-10-22 20:58:59,426:INFO:Evaluating Metrics
2020-10-22 20:58:59,485:INFO:Compiling Metrics
2020-10-22 20:58:59,491:INFO:Initializing Fold 9
2020-10-22 20:58:59,491:INFO:Total runtime is 0.19962806304295863 minutes
2020-10-22 20:58:59,506:INFO:Fitting Model
2020-10-22 20:58:59,550:INFO:Evaluating Metrics
2020-10-22 20:58:59,612:INFO:Compiling Metrics
2020-10-22 20:58:59,617:INFO:Initializing Fold 10
2020-10-22 20:58:59,618:INFO:Total runtime is 0.20173144340515142 minutes
2020-10-22 20:58:59,631:INFO:Fitting Model
2020-10-22 20:58:59,669:INFO:Evaluating Metrics
2020-10-22 20:58:59,722:INFO:Compiling Metrics
2020-10-22 20:58:59,727:INFO:Calculating mean and std
2020-10-22 20:58:59,728:INFO:Creating metrics dataframe
2020-10-22 20:58:59,740:INFO:Initializing Decision Tree Classifier
2020-10-22 20:58:59,746:INFO:Initializing Fold 1
2020-10-22 20:58:59,747:INFO:Total runtime is 0.20388372341791794 minutes
2020-10-22 20:58:59,765:INFO:Fitting Model
2020-10-22 20:58:59,816:INFO:Evaluating Metrics
2020-10-22 20:58:59,840:INFO:Compiling Metrics
2020-10-22 20:58:59,846:INFO:Initializing Fold 2
2020-10-22 20:58:59,847:INFO:Total runtime is 0.20554594198862716 minutes
2020-10-22 20:58:59,861:INFO:Fitting Model
2020-10-22 20:58:59,914:INFO:Evaluating Metrics
2020-10-22 20:58:59,945:INFO:Compiling Metrics
2020-10-22 20:58:59,951:INFO:Initializing Fold 3
2020-10-22 20:58:59,952:INFO:Total runtime is 0.2073005596796672 minutes
2020-10-22 20:58:59,965:INFO:Fitting Model
2020-10-22 20:59:00,015:INFO:Evaluating Metrics
2020-10-22 20:59:00,038:INFO:Compiling Metrics
2020-10-22 20:59:00,044:INFO:Initializing Fold 4
2020-10-22 20:59:00,044:INFO:Total runtime is 0.20884359677632655 minutes
2020-10-22 20:59:00,057:INFO:Fitting Model
2020-10-22 20:59:00,100:INFO:Evaluating Metrics
2020-10-22 20:59:00,122:INFO:Compiling Metrics
2020-10-22 20:59:00,128:INFO:Initializing Fold 5
2020-10-22 20:59:00,128:INFO:Total runtime is 0.21023987929026292 minutes
2020-10-22 20:59:00,142:INFO:Fitting Model
2020-10-22 20:59:00,185:INFO:Evaluating Metrics
2020-10-22 20:59:00,222:INFO:Compiling Metrics
2020-10-22 20:59:00,228:INFO:Initializing Fold 6
2020-10-22 20:59:00,228:INFO:Total runtime is 0.2119021097819011 minutes
2020-10-22 20:59:00,242:INFO:Fitting Model
2020-10-22 20:59:00,301:INFO:Evaluating Metrics
2020-10-22 20:59:00,340:INFO:Compiling Metrics
2020-10-22 20:59:00,348:INFO:Initializing Fold 7
2020-10-22 20:59:00,349:INFO:Total runtime is 0.21392205953598029 minutes
2020-10-22 20:59:00,367:INFO:Fitting Model
2020-10-22 20:59:00,440:INFO:Evaluating Metrics
2020-10-22 20:59:00,487:INFO:Compiling Metrics
2020-10-22 20:59:00,495:INFO:Initializing Fold 8
2020-10-22 20:59:00,496:INFO:Total runtime is 0.21636534134546923 minutes
2020-10-22 20:59:00,519:INFO:Fitting Model
2020-10-22 20:59:00,590:INFO:Evaluating Metrics
2020-10-22 20:59:00,628:INFO:Compiling Metrics
2020-10-22 20:59:00,635:INFO:Initializing Fold 9
2020-10-22 20:59:00,636:INFO:Total runtime is 0.21870984633763638 minutes
2020-10-22 20:59:00,652:INFO:Fitting Model
2020-10-22 20:59:00,700:INFO:Evaluating Metrics
2020-10-22 20:59:00,724:INFO:Compiling Metrics
2020-10-22 20:59:00,730:INFO:Initializing Fold 10
2020-10-22 20:59:00,730:INFO:Total runtime is 0.22027296225229906 minutes
2020-10-22 20:59:00,744:INFO:Fitting Model
2020-10-22 20:59:00,790:INFO:Evaluating Metrics
2020-10-22 20:59:00,813:INFO:Compiling Metrics
2020-10-22 20:59:00,819:INFO:Calculating mean and std
2020-10-22 20:59:00,819:INFO:Creating metrics dataframe
2020-10-22 20:59:00,831:INFO:Initializing SVM - Linear Kernel
2020-10-22 20:59:00,838:INFO:Initializing Fold 1
2020-10-22 20:59:00,838:INFO:Total runtime is 0.2220675746599834 minutes
2020-10-22 20:59:00,852:INFO:Fitting Model
2020-10-22 20:59:00,984:INFO:Evaluating Metrics
2020-10-22 20:59:00,985:WARNING:model has no predict_proba attribute. pred_prob set to 0.00
2020-10-22 20:59:01,006:INFO:Compiling Metrics
2020-10-22 20:59:01,022:INFO:Initializing Fold 2
2020-10-22 20:59:01,022:INFO:Total runtime is 0.22513733704884856 minutes
2020-10-22 20:59:01,049:INFO:Fitting Model
2020-10-22 20:59:01,181:INFO:Evaluating Metrics
2020-10-22 20:59:01,181:WARNING:model has no predict_proba attribute. pred_prob set to 0.00
2020-10-22 20:59:01,201:INFO:Compiling Metrics
2020-10-22 20:59:01,201:INFO:Initializing Fold 3
2020-10-22 20:59:01,201:INFO:Total runtime is 0.22811271746953338 minutes
2020-10-22 20:59:01,232:INFO:Fitting Model
2020-10-22 20:59:01,367:INFO:Evaluating Metrics
2020-10-22 20:59:01,367:WARNING:model has no predict_proba attribute. pred_prob set to 0.00
2020-10-22 20:59:01,382:INFO:Compiling Metrics
2020-10-22 20:59:01,390:INFO:Initializing Fold 4
2020-10-22 20:59:01,391:INFO:Total runtime is 0.23129185438156138 minutes
2020-10-22 20:59:01,410:INFO:Fitting Model
2020-10-22 20:59:01,544:INFO:Evaluating Metrics
2020-10-22 20:59:01,544:WARNING:model has no predict_proba attribute. pred_prob set to 0.00
2020-10-22 20:59:01,567:INFO:Compiling Metrics
2020-10-22 20:59:01,576:INFO:Initializing Fold 5
2020-10-22 20:59:01,577:INFO:Total runtime is 0.23439267079035453 minutes
2020-10-22 20:59:01,597:INFO:Fitting Model
2020-10-22 20:59:01,730:INFO:Evaluating Metrics
2020-10-22 20:59:01,730:WARNING:model has no predict_proba attribute. pred_prob set to 0.00
2020-10-22 20:59:01,743:INFO:Compiling Metrics
2020-10-22 20:59:01,752:INFO:Initializing Fold 6
2020-10-22 20:59:01,753:INFO:Total runtime is 0.23732299804687512 minutes
2020-10-22 20:59:01,769:INFO:Fitting Model
2020-10-22 20:59:02,007:INFO:Evaluating Metrics
2020-10-22 20:59:02,008:WARNING:model has no predict_proba attribute. pred_prob set to 0.00
2020-10-22 20:59:02,055:INFO:Compiling Metrics
2020-10-22 20:59:02,070:INFO:Initializing Fold 7
2020-10-22 20:59:02,071:INFO:Total runtime is 0.2426270365715028 minutes
2020-10-22 20:59:02,088:INFO:Fitting Model
2020-10-22 20:59:02,213:INFO:Evaluating Metrics
2020-10-22 20:59:02,213:WARNING:model has no predict_proba attribute. pred_prob set to 0.00
2020-10-22 20:59:02,228:INFO:Compiling Metrics
2020-10-22 20:59:02,234:INFO:Initializing Fold 8
2020-10-22 20:59:02,235:INFO:Total runtime is 0.24535388549168916 minutes
2020-10-22 20:59:02,253:INFO:Fitting Model
2020-10-22 20:59:02,386:INFO:Evaluating Metrics
2020-10-22 20:59:02,386:WARNING:model has no predict_proba attribute. pred_prob set to 0.00
2020-10-22 20:59:02,401:INFO:Compiling Metrics
2020-10-22 20:59:02,407:INFO:Initializing Fold 9
2020-10-22 20:59:02,408:INFO:Total runtime is 0.2482295274734498 minutes
2020-10-22 20:59:02,427:INFO:Fitting Model
2020-10-22 20:59:02,554:INFO:Evaluating Metrics
2020-10-22 20:59:02,554:WARNING:model has no predict_proba attribute. pred_prob set to 0.00
2020-10-22 20:59:02,566:INFO:Compiling Metrics
2020-10-22 20:59:02,566:INFO:Initializing Fold 10
2020-10-22 20:59:02,566:INFO:Total runtime is 0.2508694966634116 minutes
2020-10-22 20:59:02,600:INFO:Fitting Model
2020-10-22 20:59:02,726:INFO:Evaluating Metrics
2020-10-22 20:59:02,726:WARNING:model has no predict_proba attribute. pred_prob set to 0.00
2020-10-22 20:59:02,739:INFO:Compiling Metrics
2020-10-22 20:59:02,745:INFO:Calculating mean and std
2020-10-22 20:59:02,745:INFO:Creating metrics dataframe
2020-10-22 20:59:02,758:INFO:Initializing Ridge Classifier
2020-10-22 20:59:02,770:INFO:Initializing Fold 1
2020-10-22 20:59:02,772:INFO:Total runtime is 0.2542941808700563 minutes
2020-10-22 20:59:02,793:INFO:Fitting Model
2020-10-22 20:59:02,945:INFO:Evaluating Metrics
2020-10-22 20:59:02,946:WARNING:model has no predict_proba attribute. pred_prob set to 0.00
2020-10-22 20:59:02,966:INFO:Compiling Metrics
2020-10-22 20:59:02,976:INFO:Initializing Fold 2
2020-10-22 20:59:02,977:INFO:Total runtime is 0.2577271779378257 minutes
2020-10-22 20:59:02,997:INFO:Fitting Model
2020-10-22 20:59:03,122:INFO:Evaluating Metrics
2020-10-22 20:59:03,122:WARNING:model has no predict_proba attribute. pred_prob set to 0.00
2020-10-22 20:59:03,142:INFO:Compiling Metrics
2020-10-22 20:59:03,149:INFO:Initializing Fold 3
2020-10-22 20:59:03,149:INFO:Total runtime is 0.2605827728907269 minutes
2020-10-22 20:59:03,169:INFO:Fitting Model
2020-10-22 20:59:03,286:INFO:Evaluating Metrics
2020-10-22 20:59:03,286:WARNING:model has no predict_proba attribute. pred_prob set to 0.00
2020-10-22 20:59:03,299:INFO:Compiling Metrics
2020-10-22 20:59:03,314:INFO:Initializing Fold 4
2020-10-22 20:59:03,314:INFO:Total runtime is 0.26334147850672424 minutes
2020-10-22 20:59:03,342:INFO:Fitting Model
2020-10-22 20:59:03,451:INFO:Evaluating Metrics
2020-10-22 20:59:03,452:WARNING:model has no predict_proba attribute. pred_prob set to 0.00
2020-10-22 20:59:03,475:INFO:Compiling Metrics
2020-10-22 20:59:03,484:INFO:Initializing Fold 5
2020-10-22 20:59:03,485:INFO:Total runtime is 0.26619236866633117 minutes
2020-10-22 20:59:03,503:INFO:Fitting Model
2020-10-22 20:59:03,610:INFO:Evaluating Metrics
2020-10-22 20:59:03,610:WARNING:model has no predict_proba attribute. pred_prob set to 0.00
2020-10-22 20:59:03,634:INFO:Compiling Metrics
2020-10-22 20:59:03,643:INFO:Initializing Fold 6
2020-10-22 20:59:03,644:INFO:Total runtime is 0.2688388744990033 minutes
2020-10-22 20:59:03,662:INFO:Fitting Model
2020-10-22 20:59:03,765:INFO:Evaluating Metrics
2020-10-22 20:59:03,766:WARNING:model has no predict_proba attribute. pred_prob set to 0.00
2020-10-22 20:59:03,779:INFO:Compiling Metrics
2020-10-22 20:59:03,781:INFO:Initializing Fold 7
2020-10-22 20:59:03,781:INFO:Total runtime is 0.2711281617482505 minutes
2020-10-22 20:59:03,806:INFO:Fitting Model
2020-10-22 20:59:03,940:INFO:Evaluating Metrics
2020-10-22 20:59:03,940:WARNING:model has no predict_proba attribute. pred_prob set to 0.00
2020-10-22 20:59:03,963:INFO:Compiling Metrics
2020-10-22 20:59:03,973:INFO:Initializing Fold 8
2020-10-22 20:59:03,974:INFO:Total runtime is 0.27433129946390805 minutes
2020-10-22 20:59:03,998:INFO:Fitting Model
2020-10-22 20:59:04,098:INFO:Evaluating Metrics
2020-10-22 20:59:04,098:WARNING:model has no predict_proba attribute. pred_prob set to 0.00
2020-10-22 20:59:04,130:INFO:Compiling Metrics
2020-10-22 20:59:04,136:INFO:Initializing Fold 9
2020-10-22 20:59:04,137:INFO:Total runtime is 0.27704881429672257 minutes
2020-10-22 20:59:04,155:INFO:Fitting Model
2020-10-22 20:59:04,273:INFO:Evaluating Metrics
2020-10-22 20:59:04,273:WARNING:model has no predict_proba attribute. pred_prob set to 0.00
2020-10-22 20:59:04,291:INFO:Compiling Metrics
2020-10-22 20:59:04,299:INFO:Initializing Fold 10
2020-10-22 20:59:04,300:INFO:Total runtime is 0.27976671059926367 minutes
2020-10-22 20:59:04,315:INFO:Fitting Model
2020-10-22 20:59:04,414:INFO:Evaluating Metrics
2020-10-22 20:59:04,414:WARNING:model has no predict_proba attribute. pred_prob set to 0.00
2020-10-22 20:59:04,438:INFO:Compiling Metrics
2020-10-22 20:59:04,447:INFO:Calculating mean and std
2020-10-22 20:59:04,448:INFO:Creating metrics dataframe
2020-10-22 20:59:04,468:INFO:Initializing Random Forest Classifier
2020-10-22 20:59:04,477:INFO:Initializing Fold 1
2020-10-22 20:59:04,478:INFO:Total runtime is 0.2827388048171999 minutes
2020-10-22 20:59:04,498:INFO:Fitting Model
2020-10-22 20:59:04,640:INFO:Evaluating Metrics
2020-10-22 20:59:04,938:INFO:Compiling Metrics
2020-10-22 20:59:04,948:INFO:Initializing Fold 2
2020-10-22 20:59:04,949:INFO:Total runtime is 0.2905828317006431 minutes
2020-10-22 20:59:04,966:INFO:Fitting Model
2020-10-22 20:59:05,100:INFO:Evaluating Metrics
2020-10-22 20:59:05,378:INFO:Compiling Metrics
2020-10-22 20:59:05,390:INFO:Initializing Fold 3
2020-10-22 20:59:05,391:INFO:Total runtime is 0.2979493776957196 minutes
2020-10-22 20:59:05,406:INFO:Fitting Model
2020-10-22 20:59:05,531:INFO:Evaluating Metrics
2020-10-22 20:59:05,786:INFO:Compiling Metrics
2020-10-22 20:59:05,786:INFO:Initializing Fold 4
2020-10-22 20:59:05,786:INFO:Total runtime is 0.30453444321950296 minutes
2020-10-22 20:59:05,808:INFO:Fitting Model
2020-10-22 20:59:05,946:INFO:Evaluating Metrics
2020-10-22 20:59:06,210:INFO:Compiling Metrics
2020-10-22 20:59:06,216:INFO:Initializing Fold 5
2020-10-22 20:59:06,217:INFO:Total runtime is 0.31172861258188905 minutes
2020-10-22 20:59:06,230:INFO:Fitting Model
2020-10-22 20:59:06,366:INFO:Evaluating Metrics
2020-10-22 20:59:06,610:INFO:Compiling Metrics
2020-10-22 20:59:06,616:INFO:Initializing Fold 6
2020-10-22 20:59:06,617:INFO:Total runtime is 0.31838941971461 minutes
2020-10-22 20:59:06,632:INFO:Fitting Model
2020-10-22 20:59:06,762:INFO:Evaluating Metrics
2020-10-22 20:59:07,022:INFO:Compiling Metrics
2020-10-22 20:59:07,036:INFO:Initializing Fold 7
2020-10-22 20:59:07,037:INFO:Total runtime is 0.3253863533337913 minutes
2020-10-22 20:59:07,054:INFO:Fitting Model
2020-10-22 20:59:07,179:INFO:Evaluating Metrics
2020-10-22 20:59:07,453:INFO:Compiling Metrics
2020-10-22 20:59:07,465:INFO:Initializing Fold 8
2020-10-22 20:59:07,466:INFO:Total runtime is 0.3325342814127606 minutes
2020-10-22 20:59:07,481:INFO:Fitting Model
2020-10-22 20:59:07,604:INFO:Evaluating Metrics
2020-10-22 20:59:07,863:INFO:Compiling Metrics
2020-10-22 20:59:07,863:INFO:Initializing Fold 9
2020-10-22 20:59:07,863:INFO:Total runtime is 0.3391578952471417 minutes
2020-10-22 20:59:07,891:INFO:Fitting Model
2020-10-22 20:59:08,028:INFO:Evaluating Metrics
2020-10-22 20:59:08,259:INFO:Compiling Metrics
2020-10-22 20:59:08,266:INFO:Initializing Fold 10
2020-10-22 20:59:08,267:INFO:Total runtime is 0.3458903511365256 minutes
2020-10-22 20:59:08,285:INFO:Fitting Model
2020-10-22 20:59:08,426:INFO:Evaluating Metrics
2020-10-22 20:59:08,677:INFO:Compiling Metrics
2020-10-22 20:59:08,686:INFO:Calculating mean and std
2020-10-22 20:59:08,686:INFO:Creating metrics dataframe
2020-10-22 20:59:08,707:INFO:Initializing Quadratic Discriminant Analysis
2020-10-22 20:59:08,715:INFO:Initializing Fold 1
2020-10-22 20:59:08,716:INFO:Total runtime is 0.3533715089162192 minutes
2020-10-22 20:59:08,731:INFO:Fitting Model
2020-10-22 20:59:08,935:INFO:Evaluating Metrics
2020-10-22 20:59:09,009:INFO:Compiling Metrics
2020-10-22 20:59:09,016:INFO:Initializing Fold 2
2020-10-22 20:59:09,018:INFO:Total runtime is 0.35841001669565853 minutes
2020-10-22 20:59:09,038:INFO:Fitting Model
2020-10-22 20:59:09,210:INFO:Evaluating Metrics
2020-10-22 20:59:09,288:INFO:Compiling Metrics
2020-10-22 20:59:09,305:INFO:Initializing Fold 3
2020-10-22 20:59:09,306:INFO:Total runtime is 0.3632035215695701 minutes
2020-10-22 20:59:09,331:INFO:Fitting Model
2020-10-22 20:59:09,515:INFO:Evaluating Metrics
2020-10-22 20:59:09,591:INFO:Compiling Metrics
2020-10-22 20:59:09,603:INFO:Initializing Fold 4
2020-10-22 20:59:09,604:INFO:Total runtime is 0.3681772748629254 minutes
2020-10-22 20:59:09,627:INFO:Fitting Model
2020-10-22 20:59:09,838:INFO:Evaluating Metrics
2020-10-22 20:59:09,927:INFO:Compiling Metrics
2020-10-22 20:59:09,939:INFO:Initializing Fold 5
2020-10-22 20:59:09,941:INFO:Total runtime is 0.37379089991251646 minutes
2020-10-22 20:59:09,966:INFO:Fitting Model
2020-10-22 20:59:10,165:INFO:Evaluating Metrics
2020-10-22 20:59:10,273:INFO:Compiling Metrics
2020-10-22 20:59:10,290:INFO:Initializing Fold 6
2020-10-22 20:59:10,292:INFO:Total runtime is 0.3796419302622479 minutes
2020-10-22 20:59:10,315:INFO:Fitting Model
2020-10-22 20:59:10,493:INFO:Evaluating Metrics
2020-10-22 20:59:10,568:INFO:Compiling Metrics
2020-10-22 20:59:10,578:INFO:Initializing Fold 7
2020-10-22 20:59:10,579:INFO:Total runtime is 0.3844130833943687 minutes
2020-10-22 20:59:10,600:INFO:Fitting Model
2020-10-22 20:59:10,773:INFO:Evaluating Metrics
2020-10-22 20:59:10,855:INFO:Compiling Metrics
2020-10-22 20:59:10,868:INFO:Initializing Fold 8
2020-10-22 20:59:10,868:INFO:Total runtime is 0.3892381827036542 minutes
2020-10-22 20:59:10,894:INFO:Fitting Model
2020-10-22 20:59:11,071:INFO:Evaluating Metrics
2020-10-22 20:59:11,131:INFO:Compiling Metrics
2020-10-22 20:59:11,141:INFO:Initializing Fold 9
2020-10-22 20:59:11,141:INFO:Total runtime is 0.39379381736119606 minutes
2020-10-22 20:59:11,163:INFO:Fitting Model
2020-10-22 20:59:11,325:INFO:Evaluating Metrics
2020-10-22 20:59:11,390:INFO:Compiling Metrics
2020-10-22 20:59:11,399:INFO:Initializing Fold 10
2020-10-22 20:59:11,401:INFO:Total runtime is 0.39812200069427506 minutes
2020-10-22 20:59:11,417:INFO:Fitting Model
2020-10-22 20:59:11,581:INFO:Evaluating Metrics
2020-10-22 20:59:11,650:INFO:Compiling Metrics
2020-10-22 20:59:11,660:INFO:Calculating mean and std
2020-10-22 20:59:11,661:INFO:Creating metrics dataframe
2020-10-22 20:59:11,684:INFO:Initializing Ada Boost Classifier
2020-10-22 20:59:11,693:INFO:Initializing Fold 1
2020-10-22 20:59:11,694:INFO:Total runtime is 0.4030024886131288 minutes
2020-10-22 20:59:11,715:INFO:Fitting Model
2020-10-22 20:59:12,637:INFO:Evaluating Metrics
2020-10-22 20:59:12,699:INFO:Compiling Metrics
2020-10-22 20:59:12,699:INFO:Initializing Fold 2
2020-10-22 20:59:12,699:INFO:Total runtime is 0.41975230375925715 minutes
2020-10-22 20:59:12,718:INFO:Fitting Model
2020-10-22 20:59:13,610:INFO:Evaluating Metrics
2020-10-22 20:59:13,674:INFO:Compiling Metrics
2020-10-22 20:59:13,680:INFO:Initializing Fold 3
2020-10-22 20:59:13,681:INFO:Total runtime is 0.4361254652341208 minutes
2020-10-22 20:59:13,695:INFO:Fitting Model
2020-10-22 20:59:14,573:INFO:Evaluating Metrics
2020-10-22 20:59:14,639:INFO:Compiling Metrics
2020-10-22 20:59:14,644:INFO:Initializing Fold 4
2020-10-22 20:59:14,645:INFO:Total runtime is 0.45219558874766047 minutes
2020-10-22 20:59:14,660:INFO:Fitting Model
2020-10-22 20:59:15,603:INFO:Evaluating Metrics
2020-10-22 20:59:15,666:INFO:Compiling Metrics
2020-10-22 20:59:15,675:INFO:Initializing Fold 5
2020-10-22 20:59:15,676:INFO:Total runtime is 0.4693784117698671 minutes
2020-10-22 20:59:15,694:INFO:Fitting Model
2020-10-22 20:59:16,565:INFO:Evaluating Metrics
2020-10-22 20:59:16,631:INFO:Compiling Metrics
2020-10-22 20:59:16,638:INFO:Initializing Fold 6
2020-10-22 20:59:16,638:INFO:Total runtime is 0.48540915250778216 minutes
2020-10-22 20:59:16,653:INFO:Fitting Model
2020-10-22 20:59:17,582:INFO:Evaluating Metrics
2020-10-22 20:59:17,652:INFO:Compiling Metrics
2020-10-22 20:59:17,658:INFO:Initializing Fold 7
2020-10-22 20:59:17,658:INFO:Total runtime is 0.5023961385091148 minutes
2020-10-22 20:59:17,672:INFO:Fitting Model
2020-10-22 20:59:18,562:INFO:Evaluating Metrics
2020-10-22 20:59:18,623:INFO:Compiling Metrics
2020-10-22 20:59:18,623:INFO:Initializing Fold 8
2020-10-22 20:59:18,623:INFO:Total runtime is 0.5184834520022077 minutes
2020-10-22 20:59:18,645:INFO:Fitting Model
2020-10-22 20:59:19,526:INFO:Evaluating Metrics
2020-10-22 20:59:19,593:INFO:Compiling Metrics
2020-10-22 20:59:19,600:INFO:Initializing Fold 9
2020-10-22 20:59:19,601:INFO:Total runtime is 0.5347947955131533 minutes
2020-10-22 20:59:19,615:INFO:Fitting Model
2020-10-22 20:59:20,610:INFO:Evaluating Metrics
2020-10-22 20:59:20,668:INFO:Compiling Metrics
2020-10-22 20:59:20,674:INFO:Initializing Fold 10
2020-10-22 20:59:20,674:INFO:Total runtime is 0.5526782274246218 minutes
2020-10-22 20:59:20,688:INFO:Fitting Model
2020-10-22 20:59:21,615:INFO:Evaluating Metrics
2020-10-22 20:59:21,676:INFO:Compiling Metrics
2020-10-22 20:59:21,682:INFO:Calculating mean and std
2020-10-22 20:59:21,682:INFO:Creating metrics dataframe
2020-10-22 20:59:21,696:INFO:Initializing Gradient Boosting Classifier
2020-10-22 20:59:21,704:INFO:Initializing Fold 1
2020-10-22 20:59:21,705:INFO:Total runtime is 0.5698581933975222 minutes
2020-10-22 20:59:21,721:INFO:Fitting Model
2020-10-22 20:59:36,511:INFO:Evaluating Metrics
2020-10-22 20:59:36,549:INFO:Compiling Metrics
2020-10-22 20:59:36,551:INFO:Initializing Fold 2
2020-10-22 20:59:36,551:INFO:Total runtime is 0.8172824541727703 minutes
2020-10-22 20:59:36,571:INFO:Fitting Model
2020-10-22 20:59:50,378:INFO:Evaluating Metrics
2020-10-22 20:59:50,405:INFO:Compiling Metrics
2020-10-22 20:59:50,411:INFO:Initializing Fold 3
2020-10-22 20:59:50,411:INFO:Total runtime is 1.048289239406586 minutes
2020-10-22 20:59:50,426:INFO:Fitting Model
2020-10-22 21:00:04,233:INFO:Evaluating Metrics
2020-10-22 21:00:04,257:INFO:Compiling Metrics
2020-10-22 21:00:04,257:INFO:Initializing Fold 4
2020-10-22 21:00:04,257:INFO:Total runtime is 1.2790608008702598 minutes
2020-10-22 21:00:04,286:INFO:Fitting Model
2020-10-22 21:00:18,119:INFO:Evaluating Metrics
2020-10-22 21:00:18,149:INFO:Compiling Metrics
2020-10-22 21:00:18,149:INFO:Initializing Fold 5
2020-10-22 21:00:18,158:INFO:Total runtime is 1.5107294400533042 minutes
2020-10-22 21:00:18,176:INFO:Fitting Model
2020-10-22 21:00:31,831:INFO:Evaluating Metrics
2020-10-22 21:00:31,858:INFO:Compiling Metrics
2020-10-22 21:00:31,865:INFO:Initializing Fold 6
2020-10-22 21:00:31,867:INFO:Total runtime is 1.7392001152038576 minutes
2020-10-22 21:00:31,884:INFO:Fitting Model
2020-10-22 21:00:45,448:INFO:Evaluating Metrics
2020-10-22 21:00:45,472:INFO:Compiling Metrics
2020-10-22 21:00:45,478:INFO:Initializing Fold 7
2020-10-22 21:00:45,478:INFO:Total runtime is 1.9660714864730837 minutes
2020-10-22 21:00:45,491:INFO:Fitting Model
2020-10-22 21:00:59,323:INFO:Evaluating Metrics
2020-10-22 21:00:59,365:INFO:Compiling Metrics
2020-10-22 21:00:59,371:INFO:Initializing Fold 8
2020-10-22 21:00:59,371:INFO:Total runtime is 2.1976148207982384 minutes
2020-10-22 21:00:59,385:INFO:Fitting Model
2020-10-22 21:01:13,208:INFO:Evaluating Metrics
2020-10-22 21:01:13,234:INFO:Compiling Metrics
2020-10-22 21:01:13,239:INFO:Initializing Fold 9
2020-10-22 21:01:13,240:INFO:Total runtime is 2.4287711461385095 minutes
2020-10-22 21:01:13,256:INFO:Fitting Model
2020-10-22 21:01:26,907:INFO:Evaluating Metrics
2020-10-22 21:01:26,941:INFO:Compiling Metrics
2020-10-22 21:01:26,948:INFO:Initializing Fold 10
2020-10-22 21:01:26,949:INFO:Total runtime is 2.657246518135071 minutes
2020-10-22 21:01:26,964:INFO:Fitting Model
2020-10-22 21:01:41,469:INFO:Evaluating Metrics
2020-10-22 21:01:41,498:INFO:Compiling Metrics
2020-10-22 21:01:41,508:INFO:Calculating mean and std
2020-10-22 21:01:41,508:INFO:Creating metrics dataframe
2020-10-22 21:01:41,516:INFO:Initializing Linear Discriminant Analysis
2020-10-22 21:01:41,532:INFO:Initializing Fold 1
2020-10-22 21:01:41,533:INFO:Total runtime is 2.900326001644135 minutes
2020-10-22 21:01:41,552:INFO:Fitting Model
2020-10-22 21:01:42,653:INFO:Evaluating Metrics
2020-10-22 21:01:42,672:INFO:Compiling Metrics
2020-10-22 21:01:42,687:INFO:Initializing Fold 2
2020-10-22 21:01:42,687:INFO:Total runtime is 2.9195609688758855 minutes
2020-10-22 21:01:42,707:INFO:Fitting Model
2020-10-22 21:01:43,853:INFO:Evaluating Metrics
2020-10-22 21:01:43,897:INFO:Compiling Metrics
2020-10-22 21:01:43,905:INFO:Initializing Fold 3
2020-10-22 21:01:43,905:INFO:Total runtime is 2.9398612538973494 minutes
2020-10-22 21:01:43,924:INFO:Fitting Model
2020-10-22 21:01:45,047:INFO:Evaluating Metrics
2020-10-22 21:01:45,079:INFO:Compiling Metrics
2020-10-22 21:01:45,079:INFO:Initializing Fold 4
2020-10-22 21:01:45,095:INFO:Total runtime is 2.959680477778117 minutes
2020-10-22 21:01:45,117:INFO:Fitting Model
2020-10-22 21:01:46,213:INFO:Evaluating Metrics
2020-10-22 21:01:46,242:INFO:Compiling Metrics
2020-10-22 21:01:46,251:INFO:Initializing Fold 5
2020-10-22 21:01:46,252:INFO:Total runtime is 2.97897428671519 minutes
2020-10-22 21:01:46,270:INFO:Fitting Model
2020-10-22 21:01:47,442:INFO:Evaluating Metrics
2020-10-22 21:01:47,489:INFO:Compiling Metrics
2020-10-22 21:01:47,489:INFO:Initializing Fold 6
2020-10-22 21:01:47,489:INFO:Total runtime is 2.9995941917101545 minutes
2020-10-22 21:01:47,524:INFO:Fitting Model
2020-10-22 21:01:48,667:INFO:Evaluating Metrics
2020-10-22 21:01:48,705:INFO:Compiling Metrics
2020-10-22 21:01:48,705:INFO:Initializing Fold 7
2020-10-22 21:01:48,705:INFO:Total runtime is 3.0198602716128033 minutes
2020-10-22 21:01:48,736:INFO:Fitting Model
2020-10-22 21:01:49,850:INFO:Evaluating Metrics
2020-10-22 21:01:49,889:INFO:Compiling Metrics
2020-10-22 21:01:49,900:INFO:Initializing Fold 8
2020-10-22 21:01:49,901:INFO:Total runtime is 3.0397810896237694 minutes
2020-10-22 21:01:49,922:INFO:Fitting Model
2020-10-22 21:01:51,077:INFO:Evaluating Metrics
2020-10-22 21:01:51,101:INFO:Compiling Metrics
2020-10-22 21:01:51,108:INFO:Initializing Fold 9
2020-10-22 21:01:51,109:INFO:Total runtime is 3.059927765528361 minutes
2020-10-22 21:01:51,129:INFO:Fitting Model
2020-10-22 21:01:52,223:INFO:Evaluating Metrics
2020-10-22 21:01:52,273:INFO:Compiling Metrics
2020-10-22 21:01:52,280:INFO:Initializing Fold 10
2020-10-22 21:01:52,281:INFO:Total runtime is 3.079452689488729 minutes
2020-10-22 21:01:52,299:INFO:Fitting Model
2020-10-22 21:01:53,456:INFO:Evaluating Metrics
2020-10-22 21:01:53,471:INFO:Compiling Metrics
2020-10-22 21:01:53,487:INFO:Calculating mean and std
2020-10-22 21:01:53,489:INFO:Creating metrics dataframe
2020-10-22 21:01:53,513:INFO:Initializing Extra Trees Classifier
2020-10-22 21:01:53,525:INFO:Initializing Fold 1
2020-10-22 21:01:53,526:INFO:Total runtime is 3.1001971522967025 minutes
2020-10-22 21:01:53,549:INFO:Fitting Model
2020-10-22 21:01:53,840:INFO:Evaluating Metrics
2020-10-22 21:01:54,140:INFO:Compiling Metrics
2020-10-22 21:01:54,146:INFO:Initializing Fold 2
2020-10-22 21:01:54,146:INFO:Total runtime is 3.11054083108902 minutes
2020-10-22 21:01:54,162:INFO:Fitting Model
2020-10-22 21:01:54,439:INFO:Evaluating Metrics
2020-10-22 21:01:54,705:INFO:Compiling Metrics
2020-10-22 21:01:54,717:INFO:Initializing Fold 3
2020-10-22 21:01:54,718:INFO:Total runtime is 3.1200711528460188 minutes
2020-10-22 21:01:54,745:INFO:Fitting Model
2020-10-22 21:01:55,038:INFO:Evaluating Metrics
2020-10-22 21:01:55,307:INFO:Compiling Metrics
2020-10-22 21:01:55,320:INFO:Initializing Fold 4
2020-10-22 21:01:55,321:INFO:Total runtime is 3.13011923233668 minutes
2020-10-22 21:01:55,338:INFO:Fitting Model
2020-10-22 21:01:55,603:INFO:Evaluating Metrics
2020-10-22 21:01:55,856:INFO:Compiling Metrics
2020-10-22 21:01:55,880:INFO:Initializing Fold 5
2020-10-22 21:01:55,880:INFO:Total runtime is 3.1394294301668806 minutes
2020-10-22 21:01:55,905:INFO:Fitting Model
2020-10-22 21:01:56,178:INFO:Evaluating Metrics
2020-10-22 21:01:56,455:INFO:Compiling Metrics
2020-10-22 21:01:56,471:INFO:Initializing Fold 6
2020-10-22 21:01:56,471:INFO:Total runtime is 3.1492893338203434 minutes
2020-10-22 21:01:56,493:INFO:Fitting Model
2020-10-22 21:01:56,753:INFO:Evaluating Metrics
2020-10-22 21:01:57,016:INFO:Compiling Metrics
2020-10-22 21:01:57,022:INFO:Initializing Fold 7
2020-10-22 21:01:57,022:INFO:Total runtime is 3.1584742029507957 minutes
2020-10-22 21:01:57,038:INFO:Fitting Model
2020-10-22 21:01:57,307:INFO:Evaluating Metrics
2020-10-22 21:01:57,588:INFO:Compiling Metrics
2020-10-22 21:01:57,596:INFO:Initializing Fold 8
2020-10-22 21:01:57,597:INFO:Total runtime is 3.1680599848429365 minutes
2020-10-22 21:01:57,611:INFO:Fitting Model
2020-10-22 21:01:57,871:INFO:Evaluating Metrics
2020-10-22 21:01:58,140:INFO:Compiling Metrics
2020-10-22 21:01:58,154:INFO:Initializing Fold 9
2020-10-22 21:01:58,155:INFO:Total runtime is 3.177357625961304 minutes
2020-10-22 21:01:58,175:INFO:Fitting Model
2020-10-22 21:01:58,438:INFO:Evaluating Metrics
2020-10-22 21:01:58,699:INFO:Compiling Metrics
2020-10-22 21:01:58,705:INFO:Initializing Fold 10
2020-10-22 21:01:58,705:INFO:Total runtime is 3.1865182717641196 minutes
2020-10-22 21:01:58,719:INFO:Fitting Model
2020-10-22 21:01:58,984:INFO:Evaluating Metrics
2020-10-22 21:01:59,276:INFO:Compiling Metrics
2020-10-22 21:01:59,281:INFO:Calculating mean and std
2020-10-22 21:01:59,281:INFO:Creating metrics dataframe
2020-10-22 21:01:59,294:INFO:Initializing Extreme Gradient Boosting
2020-10-22 21:01:59,303:INFO:Initializing Fold 1
2020-10-22 21:01:59,304:INFO:Total runtime is 3.1964972972869874 minutes
2020-10-22 21:01:59,320:INFO:Fitting Model
